Sat Aug 27 21:43:53 Loaded file C:\PROGRAM FILES\ORCAD\LAYOUT_PLUS\LIBRARY\BCON100T.LLB
Sat Aug 27 21:43:53 Loaded file C:\PROGRAM FILES\ORCAD\LAYOUT_PLUS\LIBRARY\BCON156T.LLB
Sat Aug 27 21:43:53 Loaded file C:\PROGRAM FILES\ORCAD\LAYOUT_PLUS\LIBRARY\BGA.LLB
Sat Aug 27 21:43:53 Loaded file C:\PROGRAM FILES\ORCAD\LAYOUT_PLUS\LIBRARY\CLCC.LLB
Sat Aug 27 21:43:53 Loaded file C:\PROGRAM FILES\ORCAD\LAYOUT_PLUS\LIBRARY\DCON050T.LLB
Sat Aug 27 21:43:53 Loaded file C:\PROGRAM FILES\ORCAD\LAYOUT_PLUS\LIBRARY\DCON085T.LLB
Sat Aug 27 21:43:53 Loaded file C:\PROGRAM FILES\ORCAD\LAYOUT_PLUS\LIBRARY\DIMM050F.LLB
Sat Aug 27 21:43:53 Loaded file C:\PROGRAM FILES\ORCAD\LAYOUT_PLUS\LIBRARY\DIMM050T.LLB
Sat Aug 27 21:43:54 Loaded file C:\PROGRAM FILES\ORCAD\LAYOUT_PLUS\LIBRARY\DIN.LLB
Sat Aug 27 21:43:54 Loaded file C:\PROGRAM FILES\ORCAD\LAYOUT_PLUS\LIBRARY\DIP100B.LLB
Sat Aug 27 21:43:54 Loaded file C:\PROGRAM FILES\ORCAD\LAYOUT_PLUS\LIBRARY\DIP100T.LLB
Sat Aug 27 21:43:54 Loaded file C:\PROGRAM FILES\ORCAD\LAYOUT_PLUS\LIBRARY\DSUBT.LLB
Sat Aug 27 21:43:54 Loaded file C:\PROGRAM FILES\ORCAD\LAYOUT_PLUS\LIBRARY\DSUBT_HD.LLB
Sat Aug 27 21:43:54 Loaded file C:\PROGRAM FILES\ORCAD\LAYOUT_PLUS\LIBRARY\ECON100T.LLB
Sat Aug 27 21:43:54 Loaded file C:\PROGRAM FILES\ORCAD\LAYOUT_PLUS\LIBRARY\EMPTY.LLB
Sat Aug 27 21:43:54 Loaded file C:\PROGRAM FILES\ORCAD\LAYOUT_PLUS\LIBRARY\EX_GUI.LLB
Sat Aug 27 21:43:54 Loaded file C:\PROGRAM FILES\ORCAD\LAYOUT_PLUS\LIBRARY\FBUS.LLB
Sat Aug 27 21:43:54 Loaded file C:\PROGRAM FILES\ORCAD\LAYOUT_PLUS\LIBRARY\ISA.LLB
Sat Aug 27 21:43:54 Loaded file C:\PROGRAM FILES\ORCAD\LAYOUT_PLUS\LIBRARY\JUMPER.LLB
Sat Aug 27 21:43:54 Loaded file C:\PROGRAM FILES\ORCAD\LAYOUT_PLUS\LIBRARY\LAYOUT.LLB
Sat Aug 27 21:43:54 Loaded file C:\PROGRAM FILES\ORCAD\LAYOUT_PLUS\LIBRARY\LCON100T.LLB
Sat Aug 27 21:43:54 Loaded file C:\PROGRAM FILES\ORCAD\LAYOUT_PLUS\LIBRARY\METRIC.LLB
Sat Aug 27 21:43:54 Loaded file C:\PROGRAM FILES\ORCAD\LAYOUT_PLUS\LIBRARY\PADSTACK.LLB
Sat Aug 27 21:43:54 Loaded file C:\PROGRAM FILES\ORCAD\LAYOUT_PLUS\LIBRARY\PC104.LLB
Sat Aug 27 21:43:54 Loaded file C:\PROGRAM FILES\ORCAD\LAYOUT_PLUS\LIBRARY\PCI.LLB
Sat Aug 27 21:43:54 Loaded file C:\PROGRAM FILES\ORCAD\LAYOUT_PLUS\LIBRARY\PCON100T.LLB
Sat Aug 27 21:43:54 Loaded file C:\PROGRAM FILES\ORCAD\LAYOUT_PLUS\LIBRARY\PCON156T.LLB
Sat Aug 27 21:43:54 Loaded file C:\PROGRAM FILES\ORCAD\LAYOUT_PLUS\LIBRARY\PGA.LLB
Sat Aug 27 21:43:54 Loaded file C:\PROGRAM FILES\ORCAD\LAYOUT_PLUS\LIBRARY\PLCC.LLB
Sat Aug 27 21:43:54 Loaded file C:\PROGRAM FILES\ORCAD\LAYOUT_PLUS\LIBRARY\QUAD.LLB
Sat Aug 27 21:43:54 Loaded file C:\PROGRAM FILES\ORCAD\LAYOUT_PLUS\LIBRARY\QUADB.LLB
Sat Aug 27 21:43:54 Loaded file C:\PROGRAM FILES\ORCAD\LAYOUT_PLUS\LIBRARY\RELAY.LLB
Sat Aug 27 21:43:54 Loaded file C:\PROGRAM FILES\ORCAD\LAYOUT_PLUS\LIBRARY\RF.LLB
Sat Aug 27 21:43:54 Loaded file C:\PROGRAM FILES\ORCAD\LAYOUT_PLUS\LIBRARY\SBUS.LLB
Sat Aug 27 21:43:54 Loaded file C:\PROGRAM FILES\ORCAD\LAYOUT_PLUS\LIBRARY\SIMM050F.LLB
Sat Aug 27 21:43:54 Loaded file C:\PROGRAM FILES\ORCAD\LAYOUT_PLUS\LIBRARY\SIMM050T.LLB
Sat Aug 27 21:43:54 Loaded file C:\PROGRAM FILES\ORCAD\LAYOUT_PLUS\LIBRARY\SIMM100F.LLB
Sat Aug 27 21:43:54 Loaded file C:\PROGRAM FILES\ORCAD\LAYOUT_PLUS\LIBRARY\SIMM100T.LLB
Sat Aug 27 21:43:54 Loaded file C:\PROGRAM FILES\ORCAD\LAYOUT_PLUS\LIBRARY\SIP.LLB
Sat Aug 27 21:43:54 Loaded file C:\PROGRAM FILES\ORCAD\LAYOUT_PLUS\LIBRARY\SM.LLB
Sat Aug 27 21:43:54 Loaded file C:\PROGRAM FILES\ORCAD\LAYOUT_PLUS\LIBRARY\SOG.LLB
Sat Aug 27 21:43:54 Loaded file C:\PROGRAM FILES\ORCAD\LAYOUT_PLUS\LIBRARY\SOJ.LLB
Sat Aug 27 21:43:54 Loaded file C:\PROGRAM FILES\ORCAD\LAYOUT_PLUS\LIBRARY\STIFF.LLB
Sat Aug 27 21:43:54 Loaded file C:\PROGRAM FILES\ORCAD\LAYOUT_PLUS\LIBRARY\TELE.LLB
Sat Aug 27 21:43:54 Loaded file C:\PROGRAM FILES\ORCAD\LAYOUT_PLUS\LIBRARY\TM_AXIAL.LLB
Sat Aug 27 21:43:54 Loaded file C:\PROGRAM FILES\ORCAD\LAYOUT_PLUS\LIBRARY\TM_CAP_P.LLB
Sat Aug 27 21:43:54 Loaded file C:\PROGRAM FILES\ORCAD\LAYOUT_PLUS\LIBRARY\TM_CYLND.LLB
Sat Aug 27 21:43:54 Loaded file C:\PROGRAM FILES\ORCAD\LAYOUT_PLUS\LIBRARY\TM_DIODE.LLB
Sat Aug 27 21:43:54 Loaded file C:\PROGRAM FILES\ORCAD\LAYOUT_PLUS\LIBRARY\TM_DISC.LLB
Sat Aug 27 21:43:54 Loaded file C:\PROGRAM FILES\ORCAD\LAYOUT_PLUS\LIBRARY\TM_RAD.LLB
Sat Aug 27 21:43:54 Loaded file C:\PROGRAM FILES\ORCAD\LAYOUT_PLUS\LIBRARY\TO.LLB
Sat Aug 27 21:43:54 Loaded file C:\PROGRAM FILES\ORCAD\LAYOUT_PLUS\LIBRARY\TRAINING.LLB
Sat Aug 27 21:43:54 Loaded file C:\PROGRAM FILES\ORCAD\LAYOUT_PLUS\LIBRARY\VRES.LLB
Sat Aug 27 21:43:54 Loaded file C:\PROGRAM FILES\ORCAD\LAYOUT_PLUS\LIBRARY\WCON100T.LLB
Sat Aug 27 21:43:54 Loaded file C:\PROGRAM FILES\ORCAD\LAYOUT_PLUS\LIBRARY\XT.LLB
Sat Aug 27 21:43:54 Loaded file C:\PROGRAM FILES\ORCAD\LAYOUT_PLUS\LIBRARY\ZIGZAG.LLB
